c:\users\user\desktop\dev\perlinnoisegenerator\perlinnoisegenerator\x64\debug\vc143.pdb
c:\users\user\desktop\dev\perlinnoisegenerator\perlinnoisegenerator\x64\debug\vc143.idb
c:\users\user\desktop\dev\perlinnoisegenerator\perlinnoisegenerator\x64\debug\main.obj
c:\users\user\desktop\dev\perlinnoisegenerator\perlinnoisegenerator\x64\debug\imgui_widgets.obj
c:\users\user\desktop\dev\perlinnoisegenerator\perlinnoisegenerator\x64\debug\imgui_tables.obj
c:\users\user\desktop\dev\perlinnoisegenerator\perlinnoisegenerator\x64\debug\imgui_draw.obj
c:\users\user\desktop\dev\perlinnoisegenerator\perlinnoisegenerator\x64\debug\imgui_demo.obj
c:\users\user\desktop\dev\perlinnoisegenerator\perlinnoisegenerator\x64\debug\imgui.obj
c:\users\user\desktop\dev\perlinnoisegenerator\perlinnoisegenerator\x64\debug\imgui-sfml.obj
c:\users\user\desktop\dev\perlinnoisegenerator\x64\debug\perlinnoisegenerator.exe
c:\users\user\desktop\dev\perlinnoisegenerator\x64\debug\perlinnoisegenerator.pdb
c:\users\user\desktop\dev\perlinnoisegenerator\perlinnoisegenerator\x64\debug\perlinnoisegenerator.ilk
c:\users\user\desktop\dev\perlinnoisegenerator\perlinnoisegenerator\x64\debug\perlinno.012a8ac1.tlog\cl.command.1.tlog
c:\users\user\desktop\dev\perlinnoisegenerator\perlinnoisegenerator\x64\debug\perlinno.012a8ac1.tlog\cl.items.tlog
c:\users\user\desktop\dev\perlinnoisegenerator\perlinnoisegenerator\x64\debug\perlinno.012a8ac1.tlog\cl.read.1.tlog
c:\users\user\desktop\dev\perlinnoisegenerator\perlinnoisegenerator\x64\debug\perlinno.012a8ac1.tlog\cl.write.1.tlog
c:\users\user\desktop\dev\perlinnoisegenerator\perlinnoisegenerator\x64\debug\perlinno.012a8ac1.tlog\link.command.1.tlog
c:\users\user\desktop\dev\perlinnoisegenerator\perlinnoisegenerator\x64\debug\perlinno.012a8ac1.tlog\link.read.1.tlog
c:\users\user\desktop\dev\perlinnoisegenerator\perlinnoisegenerator\x64\debug\perlinno.012a8ac1.tlog\link.secondary.1.tlog
c:\users\user\desktop\dev\perlinnoisegenerator\perlinnoisegenerator\x64\debug\perlinno.012a8ac1.tlog\link.write.1.tlog
